Arguments: 
  /home/pablo/.nvm/versions/node/v14.17.4/bin/node /home/pablo/.nvm/versions/node/v14.17.4/bin/yarn

PATH: 
  /opt/lampp/bin:/home/pablo/bin:/usr/local/bin:/home/linuxbrew/.linuxbrew/bin:/home/linuxbrew/.linuxbrew/sbin:/home/pablo/.nvm/versions/node/v14.17.4/bin:/usr/local/sbin:/usr/local/bin:/usr/sbin:/usr/bin:/sbin:/bin:/usr/games:/usr/local/games:/snap/bin:/home/pablo/Android/Sdk/emulator:/home/pablo/Android/Sdk/tools:/home/pablo/Android/Sdk/tools/bin:/home/pablo/Android/Sdk/platform-tools

Yarn version: 
  1.22.11

Node version: 
  14.17.4

Platform: 
  linux x64

Trace: 
  SyntaxError: /home/pablo/Documentos/Projetos/ignite/node/rentalx-api/package.json: Unexpected token } in JSON at position 134
      at JSON.parse (<anonymous>)
      at /home/pablo/.nvm/versions/node/v14.17.4/lib/node_modules/yarn/lib/cli.js:1625:59
      at Generator.next (<anonymous>)
      at step (/home/pablo/.nvm/versions/node/v14.17.4/lib/node_modules/yarn/lib/cli.js:310:30)
      at /home/pablo/.nvm/versions/node/v14.17.4/lib/node_modules/yarn/lib/cli.js:321:13

npm manifest: 
  {
    "name": "finapi",
    "version": "1.0.0",
    "main": "index.js",
    "license": "MIT",
    "dependencies": {
      "express": "^4.17.2",
    },
    "devDependencies": {
      "@types/express": "^4.17.13",
      "@types/node": "^17.0.0",
      "@types/uuid": "^8.3.3",
      "ts-node-dev": "^1.1.8",
      "typescript": "^4.5.4"
    },
    "scripts": {
      "dev:server": "ts-node-dev --inspect --transpile-only --ignore-watch node_modules --poll src/index.ts"
    }
  }

yarn manifest: 
  No manifest

Lockfile: 
  No lockfile
